<?xml version="1.0" encoding="UTF-8"?>
<!-- Generated by org.testng.reporters.JUnitReportReporter -->
<testsuite hostname="VenuSaurabh" failures="0" tests="1" name="com.selenium.testcases.PaymentTest" time="7.210" errors="0" timestamp="2025-05-09T11:38:32 PDT" skipped="0">
  <testcase classname="com.selenium.testcases.PaymentTest" name="paymentTestCase" time="7.210"/>
</testsuite> <!-- com.selenium.testcases.PaymentTest -->
