<?xml version="1.0" encoding="UTF-8"?>
<!-- Generated by org.testng.reporters.JUnitReportReporter -->
<testsuite hostname="VenuSaurabh" failures="0" tests="3" name="com.venus.selenium.test.LoginTestDataDriven" time="6.565" errors="0" timestamp="2025-02-26T00:11:43 PST" skipped="0">
  <testcase classname="com.venus.selenium.test.LoginTestDataDriven" name="loginTestDD" time="1.912"/>
  <testcase classname="com.venus.selenium.test.LoginTestDataDriven" name="loginTestDD" time="2.779"/>
  <testcase classname="com.venus.selenium.test.LoginTestDataDriven" name="loginTestDD" time="1.874"/>
</testsuite> <!-- com.venus.selenium.test.LoginTestDataDriven -->
