<?xml version="1.0" encoding="UTF-8"?>
<!-- Generated by org.testng.reporters.JUnitReportReporter -->
<testsuite hostname="VenuSaurabh" failures="0" tests="1" name="com.selenium.testcases.DashboardTest" time="8.176" errors="0" timestamp="2025-05-08T23:12:29 PDT" skipped="0">
  <testcase classname="com.selenium.testcases.DashboardTest" name="dashboardTestCase" time="8.176"/>
</testsuite> <!-- com.selenium.testcases.DashboardTest -->
