<?xml version="1.0" encoding="UTF-8"?>
<!-- Generated by org.testng.reporters.JUnitReportReporter -->
<testsuite hostname="VenuSaurabh" failures="0" tests="3" name="com.venus.selenium.test.LoginTest" time="8.269" errors="0" timestamp="2025-02-21T17:53:30 PST" skipped="0">
  <testcase classname="com.venus.selenium.test.LoginTest" name="testLogin" time="2.947"/>
  <testcase classname="com.venus.selenium.test.LoginTest" name="testLoginIncorrectUsername" time="2.101"/>
  <testcase classname="com.venus.selenium.test.LoginTest" name="testLoginIncorrectPassword" time="3.221"/>
</testsuite> <!-- com.venus.selenium.test.LoginTest -->
