<?xml version="1.0" encoding="UTF-8"?>
<!-- Generated by org.testng.reporters.JUnitReportReporter -->
<testsuite hostname="VenuSaurabh" failures="0" tests="1" name="com.selenium.testcases.TestCaseDemo" time="0.006" errors="0" timestamp="2025-05-06T17:26:46 PDT" skipped="0">
  <testcase classname="com.selenium.testcases.TestCaseDemo" name="testCheck" time="0.006"/>
</testsuite> <!-- com.selenium.testcases.TestCaseDemo -->
