<?xml version="1.0" encoding="UTF-8"?>
<!-- Generated by org.testng.reporters.JUnitReportReporter -->
<testsuite hostname="VenuSaurabh" failures="0" tests="1" name="com.selenium.testcases.SearchTest" time="4.083" errors="0" timestamp="2025-05-08T22:34:03 PDT" skipped="0">
  <testcase classname="com.selenium.testcases.SearchTest" name="searchCourseTest" time="4.083"/>
</testsuite> <!-- com.selenium.testcases.SearchTest -->
